<?xml version="1.0" encoding="UTF-8"?>
<!-- Generated by org.testng.reporters.JUnitReportReporter -->
<testsuite skipped="0" hostname="LAPTOP-QITOSS6Q" name="scripts.TC_FindUserDetailsWithMaxUserEdits" tests="1" failures="0" timestamp="25 Feb 2022 10:02:34 GMT" time="25.216" errors="0">
  <testcase name="findUserDetails" time="25.216" classname="scripts.TC_FindUserDetailsWithMaxUserEdits"/>
</testsuite> <!-- scripts.TC_FindUserDetailsWithMaxUserEdits -->
